2025-01-13 16:09:35,985 [INFO] Activator:176 - 


2025-01-13 16:09:35,989 [INFO] Activator:177 - !SESSION log4j initialized
2025-01-13 16:09:45,010 [INFO] LogOutputStream:77 - [STDOUT_REDIRECT] 
2025-01-13 16:09:47,206 [INFO] ApplicationProperties:184 - Using Application install path: C:\ST\STM32CubeIDE_1.16.1\STM32CubeIDE\plugins\com.st.stm32cube.common.mx_6.13.0.202411220809
2025-01-13 16:09:47,221 [INFO] DbMcusXml:78 - Set database path to: C:\ST\STM32CubeIDE_1.16.1\STM32CubeIDE\plugins\com.st.stm32cube.common.mx_6.13.0.202411220809\\db\/mcu/
2025-01-13 16:09:47,222 [INFO] ApiDb:274 - Set plugin database path to: C:\ST\STM32CubeIDE_1.16.1\STM32CubeIDE\plugins\com.st.stm32cube.common.mx_6.13.0.202411220809\\db\/plugins/boardmanager/
2025-01-13 16:09:47,222 [WARN] ApiDb:259 - Overriding images path with different value:  => C:\ST\STM32CubeIDE_1.16.1\STM32CubeIDE\plugins\com.st.stm32cube.common.mx_6.13.0.202411220809\\db\/plugins/mcufinder/images/
2025-01-13 16:09:47,232 [INFO] ApiDb:250 - Set database path to: C:\Users\febe\.stmcufinder\plugins\mcufinder//mcu/
2025-01-13 16:09:47,233 [INFO] DbMcusAds:125 - Set database path to: C:\Users\febe\.stmcufinder\plugins\mcufinder//mcu/
2025-01-13 16:09:47,235 [INFO] CrossReferenceDbSqlite:203 - Set database path to: C:\Users\febe\.stmcufinder\plugins\mcufinder//mcu/cs/
2025-01-13 16:09:47,346 [INFO] RulesReader:64 - Compatibility file has been processed (297 Rules)
2025-01-13 16:09:47,418 [INFO] DbMcusXml:78 - Set database path to: C:\ST\STM32CubeIDE_1.16.1\STM32CubeIDE\plugins\com.st.stm32cube.common.mx_6.13.0.202411220809\\db\/mcu/
2025-01-13 16:09:47,418 [INFO] ApiDb:274 - Set plugin database path to: C:\ST\STM32CubeIDE_1.16.1\STM32CubeIDE\plugins\com.st.stm32cube.common.mx_6.13.0.202411220809\\db\/plugins/boardmanager/
2025-01-13 16:09:47,418 [INFO] ApiDb:261 - Set plugin images path to: C:\ST\STM32CubeIDE_1.16.1\STM32CubeIDE\plugins\com.st.stm32cube.common.mx_6.13.0.202411220809\\db\/plugins/mcufinder/images/
2025-01-13 16:09:47,418 [WARN] DbFile:41 - Overriding database path with different value: C:\Users\febe\.stmcufinder\plugins\mcufinder/ => C:\Users\febe\.stmcufinder\plugins\mcufinder
2025-01-13 16:09:47,418 [INFO] ApiDb:250 - Set database path to: C:\Users\febe\.stmcufinder\plugins\mcufinder//mcu/
2025-01-13 16:09:47,418 [WARN] DbFile:41 - Overriding database path with different value: C:\Users\febe\.stmcufinder\plugins\mcufinder/ => C:\Users\febe\.stmcufinder\plugins\mcufinder
2025-01-13 16:09:47,419 [INFO] DbMcusAds:125 - Set database path to: C:\Users\febe\.stmcufinder\plugins\mcufinder//mcu/
2025-01-13 16:09:47,419 [WARN] DbFile:41 - Overriding database path with different value: C:\Users\febe\.stmcufinder\plugins\mcufinder/ => C:\Users\febe\.stmcufinder\plugins\mcufinder
2025-01-13 16:09:47,419 [WARN] DbFile:41 - Overriding database path with different value: C:\Users\febe\.stmcufinder\plugins\mcufinder/ => C:\Users\febe\.stmcufinder\plugins\mcufinder
2025-01-13 16:09:47,419 [INFO] CrossReferenceDbSqlite:203 - Set database path to: C:\Users\febe\.stmcufinder\plugins\mcufinder//mcu/cs/
2025-01-13 16:09:47,484 [INFO] MainPanel:272 - HeapMemory: 268435456
2025-01-13 16:09:47,589 [INFO] DbMcusXml:78 - Set database path to: C:\ST\STM32CubeIDE_1.16.1\STM32CubeIDE\plugins\com.st.stm32cube.common.mx_6.13.0.202411220809\\db\/mcu/
2025-01-13 16:09:47,589 [INFO] ApiDb:274 - Set plugin database path to: C:\ST\STM32CubeIDE_1.16.1\STM32CubeIDE\plugins\com.st.stm32cube.common.mx_6.13.0.202411220809\\db\/plugins/boardmanager/
2025-01-13 16:09:47,590 [INFO] ApiDb:261 - Set plugin images path to: C:\ST\STM32CubeIDE_1.16.1\STM32CubeIDE\plugins\com.st.stm32cube.common.mx_6.13.0.202411220809\\db\/plugins/mcufinder/images/
2025-01-13 16:09:47,590 [WARN] DbFile:41 - Overriding database path with different value: C:\Users\febe\.stmcufinder\plugins\mcufinder/ => C:\Users\febe\.stmcufinder\plugins\mcufinder
2025-01-13 16:09:47,590 [INFO] ApiDb:250 - Set database path to: C:\Users\febe\.stmcufinder\plugins\mcufinder//mcu/
2025-01-13 16:09:47,590 [WARN] DbFile:41 - Overriding database path with different value: C:\Users\febe\.stmcufinder\plugins\mcufinder/ => C:\Users\febe\.stmcufinder\plugins\mcufinder
2025-01-13 16:09:47,590 [INFO] DbMcusAds:125 - Set database path to: C:\Users\febe\.stmcufinder\plugins\mcufinder//mcu/
2025-01-13 16:09:47,590 [WARN] DbFile:41 - Overriding database path with different value: C:\Users\febe\.stmcufinder\plugins\mcufinder/ => C:\Users\febe\.stmcufinder\plugins\mcufinder
2025-01-13 16:09:47,590 [WARN] DbFile:41 - Overriding database path with different value: C:\Users\febe\.stmcufinder\plugins\mcufinder/ => C:\Users\febe\.stmcufinder\plugins\mcufinder
2025-01-13 16:09:47,590 [INFO] CrossReferenceDbSqlite:203 - Set database path to: C:\Users\febe\.stmcufinder\plugins\mcufinder//mcu/cs/
2025-01-13 16:09:47,608 [INFO] ApplicationProperties:184 - Using Application install path: C:\ST\STM32CubeIDE_1.16.1\STM32CubeIDE\plugins\com.st.stm32cube.common.mx_6.13.0.202411220809
2025-01-13 16:09:47,609 [INFO] PluginManage:196 - Search for loadable plugins [exclusion list=, ]
2025-01-13 16:09:47,610 [INFO] PluginManage:310 - Check plugin analytics
2025-01-13 16:09:47,746 [INFO] AnalyticsPlugin:253 - Accepted Software Licenses: 
2025-01-13 16:09:47,746 [INFO] AnalyticsPlugin:255 - Accepted CMSIS Pack Licenses: 
2025-01-13 16:09:47,747 [INFO] AnalyticsPlugin:257 - Accepted Firmware Licenses: FW.F7.1.17.0
2025-01-13 16:09:47,749 [INFO] PluginManage:359 - Loaded plugin analytics (category:tool,tabindex:-1)
2025-01-13 16:09:47,749 [INFO] PluginManage:310 - Check plugin cadmodel
2025-01-13 16:09:47,767 [INFO] CADModel:105 - Init CAD model plugin
2025-01-13 16:09:47,767 [INFO] PluginManage:359 - Loaded plugin cadmodel (category:power,tabindex:5)
2025-01-13 16:09:47,767 [INFO] PluginManage:310 - Check plugin clock
2025-01-13 16:09:47,789 [INFO] PluginManage:359 - Loaded plugin clock (category:base,tabindex:2)
2025-01-13 16:09:47,789 [INFO] PluginManage:310 - Check plugin ddr
2025-01-13 16:09:47,792 [INFO] PluginManage:359 - Loaded plugin ddr (category:tool,tabindex:6)
2025-01-13 16:09:47,792 [INFO] PluginManage:310 - Check plugin filemanager
2025-01-13 16:09:47,928 [INFO] PluginManage:359 - Loaded plugin filemanager (category:base,tabindex:10)
2025-01-13 16:09:47,928 [INFO] PluginManage:310 - Check plugin ipmanager
2025-01-13 16:09:47,935 [INFO] PluginManage:359 - Loaded plugin ipmanager (category:base,tabindex:5)
2025-01-13 16:09:47,935 [INFO] PluginManage:310 - Check plugin lpbam
2025-01-13 16:09:47,953 [INFO] PluginManage:359 - Loaded plugin lpbam (category:base,tabindex:0)
2025-01-13 16:09:47,953 [INFO] PluginManage:310 - Check plugin memorymap
2025-01-13 16:09:47,978 [INFO] PluginManage:359 - Loaded plugin memorymap (category:base,tabindex:4)
2025-01-13 16:09:47,978 [INFO] PluginManage:310 - Check plugin pinoutandconfiguration
2025-01-13 16:09:47,998 [INFO] PluginManage:359 - Loaded plugin pinoutandconfiguration (category:base,tabindex:1)
2025-01-13 16:09:47,999 [INFO] PluginManage:310 - Check plugin pinoutconfig
2025-01-13 16:09:48,089 [WARN] SupportedApi:132 - Cannot load RTOS API schema: s4s-elt-must-match.1: The content of 'definitions' must match (annotation?, (simpleType | complexType)?, (unique | key | keyref)*)). A problem was found starting at: attribute.
2025-01-13 16:09:48,221 [INFO] PluginManage:359 - Loaded plugin pinoutconfig (category:base,tabindex:0)
2025-01-13 16:09:48,221 [INFO] PluginManage:310 - Check plugin power
2025-01-13 16:09:48,243 [INFO] PluginManage:359 - Loaded plugin power (category:power,tabindex:4)
2025-01-13 16:09:48,243 [INFO] PluginManage:310 - Check plugin projectmanager
2025-01-13 16:09:48,258 [INFO] PluginManage:359 - Loaded plugin projectmanager (category:projectmanager,tabindex:4)
2025-01-13 16:09:48,258 [INFO] PluginManage:310 - Check plugin rif
2025-01-13 16:09:48,276 [INFO] PluginManage:359 - Loaded plugin rif (category:base,tabindex:3)
2025-01-13 16:09:48,276 [INFO] PluginManage:310 - Check plugin thirdparty
2025-01-13 16:09:48,578 [WARN] IntegrityCheckThread:84 - waiting for thirdparty lock release [integrity check]
2025-01-13 16:09:48,578 [INFO] PluginManage:359 - Loaded plugin thirdparty (category:base,tabindex:-1)
2025-01-13 16:09:48,578 [INFO] IntegrityCheckThread:86 - entering critical section [integrity check]
2025-01-13 16:09:48,578 [INFO] PluginManage:310 - Check plugin tools
2025-01-13 16:09:48,579 [INFO] ThirdPartyUpdaterWithRetryManager:70 - Updater plugin not ready yet. [1/15]
2025-01-13 16:09:48,616 [INFO] PluginManage:359 - Loaded plugin tools (category:base,tabindex:7)
2025-01-13 16:09:48,616 [INFO] PluginManage:310 - Check plugin tutovideos
2025-01-13 16:09:48,834 [INFO] PluginManage:359 - Loaded plugin tutovideos (category:base,tabindex:-1)
2025-01-13 16:09:48,834 [INFO] PluginManage:310 - Check plugin updater
2025-01-13 16:09:48,852 [INFO] PluginManage:359 - Loaded plugin updater (category:base,tabindex:12)
2025-01-13 16:09:48,852 [INFO] PluginManage:310 - Check plugin userauth
2025-01-13 16:09:48,855 [INFO] UserAuth:118 - Init User Auth plugin
2025-01-13 16:09:48,856 [INFO] PluginManage:359 - Loaded plugin userauth (category:base,tabindex:14)
2025-01-13 16:09:48,856 [INFO] PluginManage:283 - PluginManage : Loaded plugins [18]
2025-01-13 16:09:49,034 [INFO] PinOutPanel:1589 - setPackage(No Configuration,No Configuration)
2025-01-13 16:09:49,105 [INFO] CADModel:165 - CPN selected for project level
2025-01-13 16:09:49,105 [INFO] CADModel:114 - Register for checkConnection events
2025-01-13 16:09:49,135 [INFO] IPUIPlugin:80 - create IPUIPlugin
2025-01-13 16:09:49,135 [INFO] PluginManager:220 - loadIPPluginJar : add adc
2025-01-13 16:09:49,180 [INFO] IPUIPlugin:80 - create IPUIPlugin
2025-01-13 16:09:49,180 [INFO] PluginManager:220 - loadIPPluginJar : add aes
2025-01-13 16:09:49,229 [INFO] IPUIPlugin:80 - create IPUIPlugin
2025-01-13 16:09:49,230 [INFO] PluginManager:220 - loadIPPluginJar : add can
2025-01-13 16:09:49,257 [INFO] IPUIPlugin:80 - create IPUIPlugin
2025-01-13 16:09:49,258 [INFO] PluginManager:220 - loadIPPluginJar : add comp
2025-01-13 16:09:49,296 [INFO] IPUIPlugin:80 - create IPUIPlugin
2025-01-13 16:09:49,296 [INFO] PluginManager:220 - loadIPPluginJar : add cryp
2025-01-13 16:09:49,309 [INFO] IPUIPlugin:80 - create IPUIPlugin
2025-01-13 16:09:49,310 [INFO] PluginManager:220 - loadIPPluginJar : add ddr_ctrl_phy
2025-01-13 16:09:49,345 [INFO] IPUIPlugin:80 - create IPUIPlugin
2025-01-13 16:09:49,345 [INFO] PluginManager:220 - loadIPPluginJar : add dfsdm
2025-01-13 16:09:49,359 [INFO] IPUIPlugin:80 - create IPUIPlugin
2025-01-13 16:09:49,360 [INFO] PluginManager:220 - loadIPPluginJar : add dma
2025-01-13 16:09:49,402 [INFO] IPUIPlugin:80 - create IPUIPlugin
2025-01-13 16:09:49,402 [INFO] PluginManager:220 - loadIPPluginJar : add dma3
2025-01-13 16:09:49,450 [INFO] IPUIPlugin:80 - create IPUIPlugin
2025-01-13 16:09:49,450 [INFO] PluginManager:220 - loadIPPluginJar : add extmemmanager
2025-01-13 16:09:49,474 [INFO] IPUIPlugin:80 - create IPUIPlugin
2025-01-13 16:09:49,474 [INFO] PluginManager:220 - loadIPPluginJar : add fatfs
2025-01-13 16:09:49,524 [INFO] IPUIPlugin:80 - create IPUIPlugin
2025-01-13 16:09:49,524 [INFO] PluginManager:220 - loadIPPluginJar : add fmc
2025-01-13 16:09:49,540 [INFO] IPUIPlugin:80 - create IPUIPlugin
2025-01-13 16:09:49,541 [INFO] PluginManager:220 - loadIPPluginJar : add freertos
2025-01-13 16:09:49,564 [INFO] IPUIPlugin:80 - create IPUIPlugin
2025-01-13 16:09:49,565 [INFO] PluginManager:220 - loadIPPluginJar : add genericplugin
2025-01-13 16:09:49,680 [INFO] IPUIPlugin:80 - create IPUIPlugin
2025-01-13 16:09:49,680 [INFO] PluginManager:220 - loadIPPluginJar : add gfxmmu
2025-01-13 16:09:49,836 [INFO] IPUIPlugin:80 - create IPUIPlugin
2025-01-13 16:09:49,837 [INFO] PluginManager:220 - loadIPPluginJar : add gic
2025-01-13 16:09:49,850 [INFO] IPUIPlugin:80 - create IPUIPlugin
2025-01-13 16:09:49,850 [INFO] PluginManager:220 - loadIPPluginJar : add gpio
2025-01-13 16:09:49,952 [INFO] IPUIPlugin:80 - create IPUIPlugin
2025-01-13 16:09:49,953 [INFO] PluginManager:220 - loadIPPluginJar : add gtzc
2025-01-13 16:09:49,988 [INFO] IPUIPlugin:80 - create IPUIPlugin
2025-01-13 16:09:49,988 [INFO] PluginManager:220 - loadIPPluginJar : add hash
2025-01-13 16:09:50,048 [INFO] IPUIPlugin:80 - create IPUIPlugin
2025-01-13 16:09:50,048 [INFO] PluginManager:220 - loadIPPluginJar : add i2c
2025-01-13 16:09:50,090 [INFO] IPUIPlugin:80 - create IPUIPlugin
2025-01-13 16:09:50,091 [INFO] PluginManager:220 - loadIPPluginJar : add i2s
2025-01-13 16:09:50,139 [INFO] IPUIPlugin:80 - create IPUIPlugin
2025-01-13 16:09:50,139 [INFO] PluginManager:220 - loadIPPluginJar : add i3c
2025-01-13 16:09:50,248 [INFO] IPUIPlugin:80 - create IPUIPlugin
2025-01-13 16:09:50,249 [INFO] PluginManager:220 - loadIPPluginJar : add ipddr
2025-01-13 16:09:50,348 [INFO] IPUIPlugin:80 - create IPUIPlugin
2025-01-13 16:09:50,348 [INFO] PluginManager:220 - loadIPPluginJar : add linkedlist
2025-01-13 16:09:50,385 [INFO] IPUIPlugin:80 - create IPUIPlugin
2025-01-13 16:09:50,385 [INFO] PluginManager:220 - loadIPPluginJar : add lorawan
2025-01-13 16:09:50,427 [INFO] IPUIPlugin:80 - create IPUIPlugin
2025-01-13 16:09:50,427 [INFO] PluginManager:220 - loadIPPluginJar : add ltdc
2025-01-13 16:09:50,442 [INFO] IPUIPlugin:80 - create IPUIPlugin
2025-01-13 16:09:50,442 [INFO] PluginManager:220 - loadIPPluginJar : add mdma
2025-01-13 16:09:50,456 [INFO] IPUIPlugin:80 - create IPUIPlugin
2025-01-13 16:09:50,456 [INFO] PluginManager:220 - loadIPPluginJar : add nvic
2025-01-13 16:09:50,497 [INFO] IPUIPlugin:80 - create IPUIPlugin
2025-01-13 16:09:50,498 [INFO] PluginManager:220 - loadIPPluginJar : add opamp
2025-01-13 16:09:50,566 [INFO] IPUIPlugin:80 - create IPUIPlugin
2025-01-13 16:09:50,566 [INFO] PluginManager:220 - loadIPPluginJar : add openamp
2025-01-13 16:09:50,623 [INFO] IPUIPlugin:80 - create IPUIPlugin
2025-01-13 16:09:50,623 [INFO] PluginManager:220 - loadIPPluginJar : add pdm2pcm
2025-01-13 16:09:50,638 [INFO] IPUIPlugin:80 - create IPUIPlugin
2025-01-13 16:09:50,640 [INFO] PluginManager:220 - loadIPPluginJar : add plateformsettings
2025-01-13 16:09:50,668 [INFO] IPUIPlugin:80 - create IPUIPlugin
2025-01-13 16:09:50,668 [INFO] PluginManager:220 - loadIPPluginJar : add quadspi
2025-01-13 16:09:50,697 [INFO] IPUIPlugin:80 - create IPUIPlugin
2025-01-13 16:09:50,698 [INFO] PluginManager:220 - loadIPPluginJar : add radio
2025-01-13 16:09:50,711 [INFO] IPUIPlugin:80 - create IPUIPlugin
2025-01-13 16:09:50,711 [INFO] PluginManager:220 - loadIPPluginJar : add resmgrutility
2025-01-13 16:09:50,762 [INFO] IPUIPlugin:80 - create IPUIPlugin
2025-01-13 16:09:50,762 [INFO] PluginManager:220 - loadIPPluginJar : add sai
2025-01-13 16:09:50,800 [INFO] IPUIPlugin:80 - create IPUIPlugin
2025-01-13 16:09:50,800 [INFO] PluginManager:220 - loadIPPluginJar : add spi
2025-01-13 16:09:50,876 [INFO] IPUIPlugin:80 - create IPUIPlugin
2025-01-13 16:09:50,876 [INFO] PluginManager:220 - loadIPPluginJar : add stm32_wpan
2025-01-13 16:09:50,901 [INFO] IPUIPlugin:80 - create IPUIPlugin
2025-01-13 16:09:50,901 [INFO] PluginManager:220 - loadIPPluginJar : add tim
2025-01-13 16:09:50,967 [INFO] IPUIPlugin:80 - create IPUIPlugin
2025-01-13 16:09:50,967 [INFO] PluginManager:220 - loadIPPluginJar : add touchsensing
2025-01-13 16:09:50,991 [INFO] IPUIPlugin:80 - create IPUIPlugin
2025-01-13 16:09:50,991 [INFO] PluginManager:220 - loadIPPluginJar : add tracer_emb
2025-01-13 16:09:51,019 [INFO] IPUIPlugin:80 - create IPUIPlugin
2025-01-13 16:09:51,020 [INFO] PluginManager:220 - loadIPPluginJar : add ts
2025-01-13 16:09:51,044 [INFO] IPUIPlugin:80 - create IPUIPlugin
2025-01-13 16:09:51,044 [INFO] PluginManager:220 - loadIPPluginJar : add tsc
2025-01-13 16:09:51,067 [INFO] IPUIPlugin:80 - create IPUIPlugin
2025-01-13 16:09:51,067 [INFO] PluginManager:220 - loadIPPluginJar : add ucpd
2025-01-13 16:09:51,114 [INFO] IPUIPlugin:80 - create IPUIPlugin
2025-01-13 16:09:51,115 [INFO] PluginManager:220 - loadIPPluginJar : add usart
2025-01-13 16:09:51,160 [INFO] IPUIPlugin:80 - create IPUIPlugin
2025-01-13 16:09:51,160 [INFO] PluginManager:220 - loadIPPluginJar : add usbx
2025-01-13 16:09:51,278 [FATAL] Updater:351 - Updater called before beeing initialized
2025-01-13 16:09:51,298 [INFO] RulesReader:64 - Compatibility file has been processed (297 Rules)
2025-01-13 16:09:51,307 [INFO] RulesReader:64 - Compatibility file has been processed (297 Rules)
2025-01-13 16:09:51,312 [INFO] CADModel:165 - CPN selected for project level
2025-01-13 16:09:51,312 [INFO] CADModel:114 - Register for checkConnection events
2025-01-13 16:09:51,312 [FATAL] Updater:351 - Updater called before beeing initialized
2025-01-13 16:09:51,313 [ERROR] CADModel:125 - Updater not yet initialized, retry later 
2025-01-13 16:09:51,437 [FATAL] Updater:351 - Updater called before beeing initialized
2025-01-13 16:09:51,439 [INFO] CADModel:165 - CPN selected for project level
2025-01-13 16:09:51,439 [INFO] CADModel:114 - Register for checkConnection events
2025-01-13 16:09:51,439 [FATAL] Updater:351 - Updater called before beeing initialized
2025-01-13 16:09:51,439 [ERROR] CADModel:125 - Updater not yet initialized, retry later 
2025-01-13 16:09:51,441 [FATAL] Updater:351 - Updater called before beeing initialized
2025-01-13 16:09:51,530 [FATAL] Updater:351 - Updater called before beeing initialized
2025-01-13 16:09:51,540 [INFO] DbMcusAds:53 - JSON generation date=Tue Dec 17 17:01:15 CET 2024 (1734451275222)
2025-01-13 16:09:51,540 [FATAL] Updater:351 - Updater called before beeing initialized
2025-01-13 16:09:51,578 [WARN] DetailPanel:346 - Failed to get advertising image, set to default
2025-01-13 16:09:51,579 [INFO] ThirdPartyUpdaterWithRetryManager:70 - Updater plugin not ready yet. [2/15]
2025-01-13 16:09:51,796 [FATAL] Updater:351 - Updater called before beeing initialized
2025-01-13 16:09:51,799 [FATAL] Updater:351 - Updater called before beeing initialized
2025-01-13 16:09:51,799 [FATAL] Updater:351 - Updater called before beeing initialized
2025-01-13 16:09:51,799 [WARN] DetailPanel:346 - Failed to get advertising image, set to default
2025-01-13 16:09:51,800 [FATAL] Updater:351 - Updater called before beeing initialized
2025-01-13 16:09:51,849 [ERROR] Updater:1198 - MainUpdater not yet initialized. External WinMGr cannot be set.
2025-01-13 16:09:51,859 [INFO] Updater:1134 - Updater Version found : 6.13.0
2025-01-13 16:09:51,878 [INFO] ApplicationProperties:184 - Using Application install path: C:\ST\STM32CubeIDE_1.16.1\STM32CubeIDE\plugins\com.st.stm32cube.common.mx_6.13.0.202411220809
2025-01-13 16:09:53,455 [ERROR] LogOutputStream:75 - [STDERR_REDIRECT] Jan 13, 2025 4:09:53 PM java.util.prefs.WindowsPreferences <init>
2025-01-13 16:09:53,456 [ERROR] LogOutputStream:75 - [STDERR_REDIRECT] WARNING: Could not open/create prefs root node Software\JavaSoft\Prefs at root 0xffffffff80000002. Windows RegCreateKeyEx(...) returned error code 5.
2025-01-13 16:09:53,456 [ERROR] LogOutputStream:75 - [STDERR_REDIRECT] 
2025-01-13 16:09:53,789 [INFO] MainUpdater:2872 - connection check result : 10
2025-01-13 16:09:53,789 [INFO] MainUpdater:289 - Updater Check For Update Now.
2025-01-13 16:09:53,789 [INFO] MicroXplorer:498 - Change Database Version : DB.6.0.130
2025-01-13 16:09:53,806 [INFO] McuFinderGlobals:63 - Set McuFinder mode to 2 (CubeIDE integrated)
2025-01-13 16:09:53,814 [INFO] UserAuth:486 - Internet connection configuration mode: 1
2025-01-13 16:09:53,846 [INFO] JxBrowserEngine:152 - Initiate JxBrowser Engine with user profile folder
2025-01-13 16:09:54,062 [INFO] CheckServerUpdateThread:120 - End of CheckServer Thread
2025-01-13 16:09:55,391 [WARN] PackLoader:240 - Cannot read IP mode file for STMicroelectronics.FP-SNS-MOTENVWB1.1.4.0
2025-01-13 16:09:55,410 [WARN] PackLoader:240 - Cannot read IP mode file for STMicroelectronics.FP-ATR-ASTRA1.2.0.1
2025-01-13 16:09:55,430 [WARN] PackLoader:240 - Cannot read IP mode file for STMicroelectronics.X-CUBE-SMBUS.2.1.0
2025-01-13 16:09:55,450 [WARN] PackLoader:240 - Cannot read IP mode file for STMicroelectronics.X-CUBE-WB05N.1.1.0
2025-01-13 16:09:55,503 [WARN] PackLoader:240 - Cannot read IP mode file for STMicroelectronics.X-CUBE-AZRTOS-F7.1.1.0
2025-01-13 16:09:55,513 [INFO] WebApp:168 - Instantiating new browser for Auth
2025-01-13 16:09:55,629 [WARN] PackLoader:240 - Cannot read IP mode file for STMicroelectronics.X-CUBE-MEMS1.11.0.0
2025-01-13 16:09:55,905 [WARN] PackLoader:240 - Cannot read IP mode file for STMicroelectronics.FP-SNS-FLIGHT1.5.0.2
2025-01-13 16:09:55,933 [WARN] PackLoader:240 - Cannot read IP mode file for STMicroelectronics.X-CUBE-DISPLAY.3.0.0
2025-01-13 16:09:55,958 [WARN] PackLoader:240 - Cannot read IP mode file for STMicroelectronics.X-CUBE-BLE1.7.0.0
2025-01-13 16:09:55,981 [WARN] PackLoader:240 - Cannot read IP mode file for STMicroelectronics.X-CUBE-NFC10.1.0.0
2025-01-13 16:09:56,008 [WARN] PackLoader:240 - Cannot read IP mode file for STMicroelectronics.X-CUBE-BLEMGR.4.0.0
2025-01-13 16:09:56,028 [WARN] PackLoader:240 - Cannot read IP mode file for emotas.I-CUBE-CANOPEN.1.3.0
2025-01-13 16:09:56,054 [WARN] PackLoader:240 - Cannot read IP mode file for STMicroelectronics.X-CUBE-BLEMGR.3.1.0
2025-01-13 16:09:56,072 [WARN] PackLoader:240 - Cannot read IP mode file for STMicroelectronics.FP-SNS-SMARTAG2.1.2.0
2025-01-13 16:09:56,166 [WARN] PackLoader:240 - Cannot read IP mode file for STMicroelectronics.X-CUBE-MEMS1.11.1.0
2025-01-13 16:09:56,264 [INFO] LogOutputStream:77 - [STDOUT_REDIRECT] 1 : Invalid condition id : UX_CORESTACK_Condition cause : null
2025-01-13 16:09:56,265 [INFO] LogOutputStream:77 - [STDOUT_REDIRECT] 1 : Invalid condition id : UX_CORESTACK_Condition cause : null
2025-01-13 16:09:56,266 [INFO] LogOutputStream:77 - [STDOUT_REDIRECT] 1 : Invalid condition id : UX_CORESTACK_Condition cause : null
2025-01-13 16:09:56,267 [INFO] LogOutputStream:77 - [STDOUT_REDIRECT] 1 : Invalid condition id : UX_CORESTACK_Condition cause : null
2025-01-13 16:09:56,268 [INFO] LogOutputStream:77 - [STDOUT_REDIRECT] 1 : Invalid condition id : UX_CORESTACK_Condition cause : null
2025-01-13 16:09:56,270 [WARN] PackLoader:240 - Cannot read IP mode file for STMicroelectronics.X-CUBE-AZRTOS-WL.2.0.0
2025-01-13 16:09:56,284 [WARN] PackLoader:240 - Cannot read IP mode file for STMicroelectronics.FP-SNS-MOTENV1.5.0.0
2025-01-13 16:09:56,297 [WARN] PackLoader:240 - Cannot read IP mode file for wolfSSL.I-CUBE-wolfMQTT.1.19.0
2025-01-13 16:09:56,320 [WARN] PackLoader:240 - Cannot read IP mode file for WES.I-CUBE-Cesium.1.3.0
2025-01-13 16:09:56,342 [WARN] PackLoader:240 - Cannot read IP mode file for STMicroelectronics.X-CUBE-BLE2.3.3.0
2025-01-13 16:09:56,370 [WARN] PackLoader:240 - Cannot read IP mode file for STMicroelectronics.X-CUBE-NFC9.1.0.0
2025-01-13 16:09:56,392 [WARN] PackLoader:240 - Cannot read IP mode file for STMicroelectronics.X-CUBE-TCPP.4.1.0
2025-01-13 16:09:56,430 [WARN] PackLoader:240 - Cannot read IP mode file for STMicroelectronics.X-CUBE-AZRTOS-G0.1.1.0
2025-01-13 16:09:56,456 [INFO] WebApp:449 - Apply proxy settings
2025-01-13 16:09:56,456 [INFO] WebApp:534 - Chromium requires no authentication
2025-01-13 16:09:56,459 [WARN] PackLoader:240 - Cannot read IP mode file for STMicroelectronics.X-CUBE-SAFEA1.1.2.2
2025-01-13 16:09:56,467 [INFO] WebApp:477 - Direct internet connection detected
2025-01-13 16:09:56,478 [WARN] PackLoader:240 - Cannot read IP mode file for STMicroelectronics.X-CUBE-NFC4.3.0.0
2025-01-13 16:09:56,495 [INFO] WebApp:880 - Register for checkConnection events
2025-01-13 16:09:56,495 [INFO] WebApp:449 - Apply proxy settings
2025-01-13 16:09:56,495 [INFO] WebApp:534 - Chromium requires no authentication
2025-01-13 16:09:56,496 [INFO] WebApp:477 - Direct internet connection detected
2025-01-13 16:09:56,501 [WARN] PackLoader:240 - Cannot read IP mode file for EmbeddedOffice.I-CUBE-FS-RTOS.1.0.1
2025-01-13 16:09:56,517 [WARN] PackLoader:240 - Cannot read IP mode file for STMicroelectronics.X-CUBE-TCPP.4.2.0
2025-01-13 16:09:56,535 [WARN] PackLoader:240 - Cannot read IP mode file for RealThread.X-CUBE-RT-Thread_Nano.4.1.1
2025-01-13 16:09:56,546 [WARN] PackLoader:240 - Cannot read IP mode file for STMicroelectronics.FP-ATR-SIGFOX1.3.2.0
2025-01-13 16:09:56,558 [WARN] PackLoader:240 - Cannot read IP mode file for wolfSSL.I-CUBE-wolfSSL.5.7.2
2025-01-13 16:09:56,569 [WARN] ConditionMgr:438 - getConditionDescription Invalid condition id : Cortex-A Device cause : null
2025-01-13 16:09:56,589 [WARN] ConditionMgr:1044 - genDependencies : Invalid condition id : Cortex-A Device cause : null
2025-01-13 16:09:56,589 [WARN] ConditionMgr:1044 - genDependencies : Invalid condition id : Cortex-A Device cause : null
2025-01-13 16:09:56,589 [WARN] ConditionMgr:1044 - genDependencies : Invalid condition id : Cortex-A Device cause : null
2025-01-13 16:09:56,603 [WARN] PackLoader:240 - Cannot read IP mode file for STMicroelectronics.X-CUBE-EEPRMA1.5.1.0
2025-01-13 16:09:56,620 [WARN] PackLoader:240 - Cannot read IP mode file for ITTIA_DB.I-CUBE-ITTIADB.8.9.0
2025-01-13 16:09:56,651 [WARN] PackLoader:240 - Cannot read IP mode file for SEGGER.I-CUBE-embOS.1.3.1
2025-01-13 16:09:56,675 [INFO] WebApp:221 - Starting web application
2025-01-13 16:09:56,675 [INFO] WebApp:579 - Web application path used C:\ST\STM32CubeIDE_1.16.1\STM32CubeIDE\plugins\com.st.stm32cube.common.mx_6.13.0.202411220809\db\plugins\mcufinder\reactClient1\index.html
2025-01-13 16:09:56,688 [WARN] PackLoader:240 - Cannot read IP mode file for STMicroelectronics.X-CUBE-ALGOBUILD.1.4.0
2025-01-13 16:09:56,704 [WARN] PackLoader:240 - Cannot read IP mode file for STMicroelectronics.X-CUBE-AI.9.1.0
2025-01-13 16:09:56,740 [WARN] PackLoader:240 - Cannot read IP mode file for STMicroelectronics.X-CUBE-AZRTOS-F4.1.1.0
2025-01-13 16:09:56,755 [WARN] PackLoader:240 - Cannot read IP mode file for STMicroelectronics.X-CUBE-ISPU.2.1.0
2025-01-13 16:09:56,767 [WARN] PackLoader:240 - Cannot read IP mode file for STMicroelectronics.X-CUBE-FREERTOS.1.2.0
2025-01-13 16:09:56,795 [WARN] PackLoader:240 - Cannot read IP mode file for STMicroelectronics.X-CUBE-AZRTOS-L5.2.0.0
2025-01-13 16:09:56,819 [WARN] PackLoader:240 - Cannot read IP mode file for STMicroelectronics.X-CUBE-NFC6.3.1.0
2025-01-13 16:09:56,837 [WARN] PackLoader:240 - Cannot read IP mode file for STMicroelectronics.X-CUBE-DPower.1.2.0
2025-01-13 16:09:56,853 [WARN] PackLoader:240 - Cannot read IP mode file for STMicroelectronics.X-CUBE-FREERTOS.1.3.0
2025-01-13 16:09:56,855 [INFO] UserAuth:486 - Internet connection configuration mode: 1
2025-01-13 16:09:56,874 [WARN] PackLoader:240 - Cannot read IP mode file for STMicroelectronics.X-CUBE-NFC7.1.0.1
2025-01-13 16:09:56,886 [INFO] WebApp:187 - Connection restablished
2025-01-13 16:09:56,910 [WARN] ConditionMgr:438 - getConditionDescription Invalid condition id : LAN8742 Phy interface Condition cause : null
2025-01-13 16:09:56,911 [WARN] PackLoader:240 - Cannot read IP mode file for STMicroelectronics.X-CUBE-AZRTOS-L4.2.0.0
2025-01-13 16:09:56,912 [WARN] ConditionMgr:1044 - genDependencies : Invalid condition id : LAN8742 Phy interface Condition cause : null
2025-01-13 16:09:56,912 [WARN] ConditionMgr:1044 - genDependencies : Invalid condition id : LAN8742 Phy interface Condition cause : null
2025-01-13 16:09:56,913 [WARN] ConditionMgr:1044 - genDependencies : Invalid condition id : LAN8742 Phy interface Condition cause : null
2025-01-13 16:09:56,935 [WARN] PackLoader:240 - Cannot read IP mode file for STMicroelectronics.X-CUBE-SFXS2LP1.4.0.0
2025-01-13 16:09:56,971 [WARN] PackLoader:240 - Cannot read IP mode file for STMicroelectronics.X-CUBE-AZRTOS-H7.3.3.0
2025-01-13 16:09:57,133 [WARN] PackLoader:240 - Cannot read IP mode file for STMicroelectronics.X-CUBE-IPS.3.0.0
2025-01-13 16:09:57,174 [WARN] ConditionMgr:438 - getConditionDescription Invalid condition id : UX DEVICE CLASS RTOS Condition cause : null
2025-01-13 16:09:57,175 [WARN] ConditionMgr:438 - getConditionDescription Invalid condition id : UX DEVICE CLASS RTOS Condition cause : null
2025-01-13 16:09:57,177 [WARN] PackLoader:240 - Cannot read IP mode file for STMicroelectronics.X-CUBE-AZRTOS-WB.2.0.0
2025-01-13 16:09:57,178 [WARN] ConditionMgr:1044 - genDependencies : Invalid condition id : UX DEVICE CLASS RTOS Condition cause : null
2025-01-13 16:09:57,178 [WARN] ConditionMgr:1044 - genDependencies : Invalid condition id : UX DEVICE CLASS RTOS Condition cause : null
2025-01-13 16:09:57,178 [WARN] ConditionMgr:1044 - genDependencies : Invalid condition id : UX DEVICE CLASS RTOS Condition cause : null
2025-01-13 16:09:57,179 [WARN] ConditionMgr:1044 - genDependencies : Invalid condition id : UX DEVICE CLASS RTOS Condition cause : null
2025-01-13 16:09:57,179 [WARN] ConditionMgr:1044 - genDependencies : Invalid condition id : UX DEVICE CLASS RTOS Condition cause : null
2025-01-13 16:09:57,238 [WARN] PackLoader:240 - Cannot read IP mode file for STMicroelectronics.X-CUBE-GNSS1.7.0.0
2025-01-13 16:09:57,263 [WARN] PackLoader:240 - Cannot read IP mode file for STMicroelectronics.X-CUBE-GNSS1.7.0.1
2025-01-13 16:09:57,288 [WARN] PackLoader:240 - Cannot read IP mode file for STMicroelectronics.FP-SNS-STBOX1.2.0.0
2025-01-13 16:09:57,314 [WARN] PackLoader:240 - Cannot read IP mode file for STMicroelectronics.X-CUBE-SUBG2.5.0.0
2025-01-13 16:09:57,333 [WARN] PackLoader:240 - Cannot read IP mode file for Cesanta.I-CUBE-Mongoose.7.13.0
2025-01-13 16:09:57,356 [WARN] PackLoader:240 - Cannot read IP mode file for STMicroelectronics.X-CUBE-AZRTOS-G4.2.0.0
2025-01-13 16:09:57,378 [WARN] PackLoader:240 - Cannot read IP mode file for STMicroelectronics.X-CUBE-IPS.3.1.0
2025-01-13 16:09:57,395 [WARN] PackLoader:240 - Cannot read IP mode file for STMicroelectronics.X-CUBE-ALS.1.0.2
2025-01-13 16:09:57,411 [WARN] PackLoader:240 - Cannot read IP mode file for STMicroelectronics.X-CUBE-TOUCHGFX.4.24.2
2025-01-13 16:09:57,427 [WARN] PackLoader:240 - Cannot read IP mode file for STMicroelectronics.X-CUBE-TOUCHGFX.4.24.1
2025-01-13 16:09:57,442 [WARN] PackLoader:240 - Cannot read IP mode file for wolfSSL.I-CUBE-wolfTPM.3.4.0
2025-01-13 16:09:57,460 [WARN] PackLoader:240 - Cannot read IP mode file for portGmbH.I-Cube-SoM-uGOAL.1.1.0
2025-01-13 16:09:57,493 [WARN] PackLoader:240 - Cannot read IP mode file for STMicroelectronics.X-CUBE-AZRTOS-H7RS.1.0.0
2025-01-13 16:09:57,508 [WARN] PackLoader:240 - Cannot read IP mode file for STMicroelectronics.FP-ATR-ASTRA1.2.0.0
2025-01-13 16:09:57,529 [WARN] PackLoader:240 - Cannot read IP mode file for STMicroelectronics.X-CUBE-TOF1.3.4.2
2025-01-13 16:09:57,564 [WARN] PackLoader:240 - Cannot read IP mode file for Infineon.AIROC-Wi-Fi-Bluetooth-STM32.1.6.1
2025-01-13 16:09:57,578 [WARN] PackLoader:240 - Cannot read IP mode file for wolfSSL.I-CUBE-wolfSSH.1.4.17
2025-01-13 16:09:57,579 [INFO] ThirdParty:978 - Integrity check success = true
2025-01-13 16:09:57,579 [INFO] IntegrityCheckThread:100 - exiting critical section [integrity check]
2025-01-13 16:09:57,579 [INFO] IntegrityCheckThread:103 - End integrity checks thread
2025-01-13 17:46:24,496 [ERROR] LogOutputStream:75 - [STDERR_REDIRECT] 
2025-01-13 17:46:24,498 [ERROR] LogOutputStream:75 - [STDERR_REDIRECT] 
